INFO 2021-03-27 04:22:45,729 views 16532 10612 Error
INFO 2021-03-27 04:22:45,729 views 16532 10612 'username'
INFO 2021-03-27 04:28:51,212 serializers 27624 11996 abiblista
INFO 2021-03-27 04:28:51,212 views 27624 11996 abiblista
INFO 2021-03-27 04:28:51,235 process 27624 11996 Sending HTML Email
INFO 2021-03-27 04:28:51,236 process 27624 11996 in py
INFO 2021-03-27 04:30:31,421 serializers 27624 11996 abiblista
INFO 2021-03-27 04:30:31,421 views 27624 11996 abiblista
INFO 2021-03-27 04:30:31,440 process 27624 11996 Sending HTML Email
INFO 2021-03-27 04:30:31,441 process 27624 11996 in py
INFO 2021-03-27 04:34:22,318 serializers 19716 19512 abiblista1
INFO 2021-03-27 04:34:22,319 views 19716 19512 abiblista1
INFO 2021-03-27 04:34:22,340 process 19716 19512 Sending HTML Email
INFO 2021-03-27 04:34:22,341 process 19716 19512 None
INFO 2021-03-27 04:34:22,341 process 19716 19512 in py
INFO 2021-03-27 04:38:28,731 serializers 21768 14564 abiblista
INFO 2021-03-27 04:38:28,732 views 21768 14564 abiblista
INFO 2021-03-27 04:38:28,754 process 21768 14564 Sending HTML Email
INFO 2021-03-27 04:38:28,755 process 21768 14564 None
INFO 2021-03-27 04:38:28,755 process 21768 14564 in py
INFO 2021-03-27 04:39:51,955 serializers 24880 19236 abiblista
INFO 2021-03-27 04:39:51,956 views 24880 19236 abiblista
INFO 2021-03-27 04:39:51,980 process 24880 19236 Sending HTML Email
INFO 2021-03-27 04:39:51,980 process 24880 19236 None
INFO 2021-03-27 04:39:51,980 process 24880 19236 in py
INFO 2021-03-27 04:39:51,980 process 24880 19236 name 'smtplib' is not defined
INFO 2021-03-27 04:41:11,827 serializers 14720 11104 abiblista
INFO 2021-03-27 04:41:11,827 views 14720 11104 abiblista
INFO 2021-03-27 04:41:11,850 process 14720 11104 Sending HTML Email
INFO 2021-03-27 04:41:11,850 process 14720 11104 None
INFO 2021-03-27 04:41:11,851 process 14720 11104 in py
INFO 2021-03-27 04:41:12,580 process 14720 11104 (220, b'2.0.0 Ready to start TLS')
INFO 2021-03-27 04:55:09,820 views 14656 18636 Error
INFO 2021-03-27 04:55:09,820 views 14656 18636 This QueryDict instance is immutable
INFO 2021-03-27 04:57:59,349 views 1328 736 Error
INFO 2021-03-27 04:57:59,349 views 1328 736 name 'create_BusinessSerializer' is not defined
INFO 2021-03-27 04:58:25,789 views 19520 15376 Error
INFO 2021-03-27 04:58:25,789 views 19520 15376 type object 'list' has no attribute 'id'
INFO 2021-03-27 05:00:32,900 views 16336 22676 Error
INFO 2021-03-27 05:00:32,900 views 16336 22676 'first_name'
INFO 2021-03-27 05:04:41,321 views 7684 4124 Error
INFO 2021-03-27 05:04:41,321 views 7684 4124 'first_name'
INFO 2021-03-27 05:08:39,832 process 12400 5780 Sending HTML Email
INFO 2021-03-27 05:08:39,832 process 12400 5780 None
INFO 2021-03-27 05:08:39,832 process 12400 5780 in py
INFO 2021-03-27 05:08:40,605 process 12400 5780 (220, b'2.0.0 Ready to start TLS')
INFO 2021-03-27 17:49:15,498 views 2484 140393487148800 Error
INFO 2021-03-27 17:49:15,498 views 2484 140393487148800 name 'requests' is not defined
